xrun(64): 20.09-s001: (c) Copyright 1995-2020 Cadence Design Systems, Inc.
TOOL:	xrun(64)	20.09-s001: Started on Oct 06, 2024 at 12:48:03 EDT
xrun
	-uvmhome CDNS-1.2
	-f filelist.f
		+incdir+../../uvm-1.2/src
		../../uvm-1.2/src/uvm.sv
		../src/adder.v
		../src/add_if.sv
		../src/item.sv
		../src/sequence.sv
		../src/sequencer.sv
		../src/monitor.sv
		../src/driver.sv
		../src/agent.sv
		../src/scoreboard.sv
		../src/env.sv
		../src/base_test.sv
	+define+UVM_NO_DPI
	+define+MYPACKAGE
xrun: *W,UVMDPI: UVM dpi code will not be loaded because of define UVM_NO_DPI.
Compiling UVM packages (uvm_pkg.sv cdns_uvm_pkg.sv) using uvmhome location /opt/cadence/XCELIUM2009/tools/methodology/UVM/CDNS-1.2
file: ../../uvm-1.2/src/uvm.sv
	package worklib.uvm_pkg:sv
		errors: 0, warnings: 0
file: ../src/adder.v
	module worklib.adder:v
		errors: 0, warnings: 0
file: ../src/add_if.sv
xmvlog: *E,DLCSMD: Dependent checksum verilog_package worklib.uvm_pkg:sv (VST) doesn't match with the checksum that's in the header of: verilog_package worklib.cdns_uvm_pkg:sv (VST).
	interface worklib.add_if:sv
		errors: 0, warnings: 0
file: ../src/item.sv
class seq_item extends uvm_sequence_item;
                                       |
xmvlog: *E,SVNOTY (../src/item.sv,2|39): Syntactically this identifier appears to begin a datatype but it does not refer to a visible datatype in the current scope.
   `uvm_object_utils(seq_item)
                             |
xmvlog: *E,SVNOTY (../src/item.sv,3|29): Syntactically this identifier appears to begin a datatype but it does not refer to a visible datatype in the current scope.
(`define macro: m_uvm_object_registry_internal [../../uvm-1.2/src/macros/uvm_object_defines.svh line 439], `define macro: uvm_object_utils_begin [../../uvm-1.2/src/macros/uvm_object_defines.svh line 253], `define macro: uvm_object_utils [../../uvm-1.2/src/macros/uvm_object_defines.svh line 245], file: ../src/item.sv line 3)
   `uvm_object_utils(seq_item)
                             |
xmvlog: *E,SVEXTK (../src/item.sv,3|29): expecting a ';' (to terminate a type_declaration).
(`define macro: m_uvm_object_registry_internal [../../uvm-1.2/src/macros/uvm_object_defines.svh line 439], `define macro: uvm_object_utils_begin [../../uvm-1.2/src/macros/uvm_object_defines.svh line 253], `define macro: uvm_object_utils [../../uvm-1.2/src/macros/uvm_object_defines.svh line 245], file: ../src/item.sv line 3)
   `uvm_object_utils(seq_item)
                             |
xmvlog: *E,SVEXTK (../src/item.sv,3|29): expecting a ';' (to terminate a type_declaration).
(`define macro: m_uvm_object_registry_internal [../../uvm-1.2/src/macros/uvm_object_defines.svh line 439], `define macro: uvm_object_utils_begin [../../uvm-1.2/src/macros/uvm_object_defines.svh line 253], `define macro: uvm_object_utils [../../uvm-1.2/src/macros/uvm_object_defines.svh line 245], file: ../src/item.sv line 3)
   `uvm_object_utils(seq_item)
                             |
xmvlog: *E,SVNOTY (../src/item.sv,3|29): Syntactically this identifier appears to begin a datatype but it does not refer to a visible datatype in the current scope.
(`define macro: m_uvm_object_registry_internal [../../uvm-1.2/src/macros/uvm_object_defines.svh line 439], `define macro: uvm_object_utils_begin [../../uvm-1.2/src/macros/uvm_object_defines.svh line 253], `define macro: uvm_object_utils [../../uvm-1.2/src/macros/uvm_object_defines.svh line 245], file: ../src/item.sv line 3)
   `uvm_object_utils(seq_item)
                             |
xmvlog: *E,EXPSMC (../src/item.sv,3|29): expecting a semicolon (';') [10.3.1(IEEE)].
(`define macro: m_uvm_object_registry_internal [../../uvm-1.2/src/macros/uvm_object_defines.svh line 439], `define macro: uvm_object_utils_begin [../../uvm-1.2/src/macros/uvm_object_defines.svh line 253], `define macro: uvm_object_utils [../../uvm-1.2/src/macros/uvm_object_defines.svh line 245], file: ../src/item.sv line 3)
   `uvm_object_utils(seq_item)
                             |
xmvlog: *E,SVNOTY (../src/item.sv,3|29): Syntactically this identifier appears to begin a datatype but it does not refer to a visible datatype in the current scope.
(`define macro: m_uvm_object_registry_internal [../../uvm-1.2/src/macros/uvm_object_defines.svh line 439], `define macro: uvm_object_utils_begin [../../uvm-1.2/src/macros/uvm_object_defines.svh line 253], `define macro: uvm_object_utils [../../uvm-1.2/src/macros/uvm_object_defines.svh line 245], file: ../src/item.sv line 3)
   `uvm_object_utils(seq_item)
                             |
xmvlog: *E,EXPSMC (../src/item.sv,3|29): expecting a semicolon (';') [10.3.1(IEEE)].
(`define macro: m_uvm_object_registry_internal [../../uvm-1.2/src/macros/uvm_object_defines.svh line 439], `define macro: uvm_object_utils_begin [../../uvm-1.2/src/macros/uvm_object_defines.svh line 253], `define macro: uvm_object_utils [../../uvm-1.2/src/macros/uvm_object_defines.svh line 245], file: ../src/item.sv line 3)
   `uvm_object_utils(seq_item)
                             |
xmvlog: *E,SVNOTY (../src/item.sv,3|29): Syntactically this identifier appears to begin a datatype but it does not refer to a visible datatype in the current scope.
(`define macro: m_uvm_object_create_func [../../uvm-1.2/src/macros/uvm_object_defines.svh line 409], `define macro: uvm_object_utils_begin [../../uvm-1.2/src/macros/uvm_object_defines.svh line 253], `define macro: uvm_object_utils [../../uvm-1.2/src/macros/uvm_object_defines.svh line 245], file: ../src/item.sv line 3)
   `uvm_object_utils(seq_item)
                             |
xmvlog: *E,EXPSMC (../src/item.sv,3|29): expecting a semicolon (';') [10.3.1(IEEE)].
(`define macro: m_uvm_object_create_func [../../uvm-1.2/src/macros/uvm_object_defines.svh line 409], `define macro: uvm_object_utils_begin [../../uvm-1.2/src/macros/uvm_object_defines.svh line 253], `define macro: uvm_object_utils [../../uvm-1.2/src/macros/uvm_object_defines.svh line 245], file: ../src/item.sv line 3)
   `uvm_object_utils(seq_item)
                             |
xmvlog: *E,NOIPRT (../src/item.sv,3|29): Unrecognized declaration 'seq_item' could be an unsupported keyword, a spelling mistake or missing instance port list '()' [SystemVerilog].
(`define macro: m_uvm_object_create_func [../../uvm-1.2/src/macros/uvm_object_defines.svh line 409], `define macro: uvm_object_utils_begin [../../uvm-1.2/src/macros/uvm_object_defines.svh line 253], `define macro: uvm_object_utils [../../uvm-1.2/src/macros/uvm_object_defines.svh line 245], file: ../src/item.sv line 3)
   `uvm_object_utils(seq_item)
                             |
xmvlog: *E,NOTINF (../src/item.sv,3|29): Interfaces are not allowed within functions [SystemVerilog].
(`define macro: m_uvm_object_create_func [../../uvm-1.2/src/macros/uvm_object_defines.svh line 409], `define macro: uvm_object_utils_begin [../../uvm-1.2/src/macros/uvm_object_defines.svh line 253], `define macro: uvm_object_utils [../../uvm-1.2/src/macros/uvm_object_defines.svh line 245], file: ../src/item.sv line 3)
   `uvm_object_utils(seq_item)
                             |
xmvlog: *E,SVNOTY (../src/item.sv,3|29): Syntactically this identifier appears to begin a datatype but it does not refer to a visible datatype in the current scope.
(`define macro: uvm_field_utils_begin [../../uvm-1.2/src/macros/uvm_object_defines.svh line 153], `define macro: uvm_object_utils_begin [../../uvm-1.2/src/macros/uvm_object_defines.svh line 253], `define macro: uvm_object_utils [../../uvm-1.2/src/macros/uvm_object_defines.svh line 245], file: ../src/item.sv line 3)
   `uvm_object_utils(seq_item)
                             |
xmvlog: *E,SVNOTY (../src/item.sv,3|29): Syntactically this identifier appears to begin a datatype but it does not refer to a visible datatype in the current scope.
(`define macro: uvm_field_utils_begin [../../uvm-1.2/src/macros/uvm_object_defines.svh line 153], `define macro: uvm_object_utils_begin [../../uvm-1.2/src/macros/uvm_object_defines.svh line 253], `define macro: uvm_object_utils [../../uvm-1.2/src/macros/uvm_object_defines.svh line 245], file: ../src/item.sv line 3)
   `uvm_object_utils(seq_item)
                             |
xmvlog: *E,NOTSTT (../src/item.sv,3|29): expecting a statement [9(IEEE)].
(`define macro: uvm_field_utils_begin [../../uvm-1.2/src/macros/uvm_object_defines.svh line 153], `define macro: uvm_object_utils_begin [../../uvm-1.2/src/macros/uvm_object_defines.svh line 253], `define macro: uvm_object_utils [../../uvm-1.2/src/macros/uvm_object_defines.svh line 245], file: ../src/item.sv line 3)
   `uvm_object_utils(seq_item)
                             |
xmvlog: *E,MISEXX (../src/item.sv,3|29): expecting an '=' or '<=' sign in an assignment [9.2(IEEE)].
(`define macro: uvm_field_utils_begin [../../uvm-1.2/src/macros/uvm_object_defines.svh line 153], `define macro: uvm_object_utils_begin [../../uvm-1.2/src/macros/uvm_object_defines.svh line 253], `define macro: uvm_object_utils [../../uvm-1.2/src/macros/uvm_object_defines.svh line 245], file: ../src/item.sv line 3)
   `uvm_object_utils(seq_item)
                             |
xmvlog: *E,NOTSTT (../src/item.sv,3|29): expecting a statement [9(IEEE)].
(`define macro: uvm_field_utils_begin [../../uvm-1.2/src/macros/uvm_object_defines.svh line 153], `define macro: uvm_object_utils_begin [../../uvm-1.2/src/macros/uvm_object_defines.svh line 253], `define macro: uvm_object_utils [../../uvm-1.2/src/macros/uvm_object_defines.svh line 245], file: ../src/item.sv line 3)
   `uvm_object_utils(seq_item)
                             |
xmvlog: *E,MISEXX (../src/item.sv,3|29): expecting an '=' or '<=' sign in an assignment [9.2(IEEE)].
(`define macro: uvm_field_utils_begin [../../uvm-1.2/src/macros/uvm_object_defines.svh line 153], `define macro: uvm_object_utils_begin [../../uvm-1.2/src/macros/uvm_object_defines.svh line 253], `define macro: uvm_object_utils [../../uvm-1.2/src/macros/uvm_object_defines.svh line 245], file: ../src/item.sv line 3)
   `uvm_object_utils(seq_item)
                             |
xmvlog: *E,MISEXX (../src/item.sv,3|29): expecting an '=' or '<=' sign in an assignment [9.2(IEEE)].
(`define macro: uvm_field_utils_begin [../../uvm-1.2/src/macros/uvm_object_defines.svh line 153], `define macro: uvm_object_utils_begin [../../uvm-1.2/src/macros/uvm_object_defines.svh line 253], `define macro: uvm_object_utils [../../uvm-1.2/src/macros/uvm_object_defines.svh line 245], file: ../src/item.sv line 3)
    super.new(name);
        |
xmvlog: *E,CLSSPX (../src/item.sv,8|8): 'super' can only be used within a class scope that derives from a base class.
file: ../src/sequence.sv
class base_seq extends uvm_sequence#(seq_item);
                                  |
xmvlog: *E,SVNOTY (../src/sequence.sv,2|34): Syntactically this identifier appears to begin a datatype but it does not refer to a visible datatype in the current scope.
  seq_item req;
         |
xmvlog: *E,NOIPRT (../src/sequence.sv,3|9): Unrecognized declaration 'seq_item' could be an unsupported keyword, a spelling mistake or missing instance port list '()' [SystemVerilog].
  `uvm_object_utils(base_seq)
                            |
xmvlog: *E,SVNOTY (../src/sequence.sv,4|28): Syntactically this identifier appears to begin a datatype but it does not refer to a visible datatype in the current scope.
(`define macro: m_uvm_object_registry_internal [../../uvm-1.2/src/macros/uvm_object_defines.svh line 439], `define macro: uvm_object_utils_begin [../../uvm-1.2/src/macros/uvm_object_defines.svh line 253], `define macro: uvm_object_utils [../../uvm-1.2/src/macros/uvm_object_defines.svh line 245], file: ../src/sequence.sv line 4)
  `uvm_object_utils(base_seq)
                            |
xmvlog: *E,SVEXTK (../src/sequence.sv,4|28): expecting a ';' (to terminate a type_declaration).
(`define macro: m_uvm_object_registry_internal [../../uvm-1.2/src/macros/uvm_object_defines.svh line 439], `define macro: uvm_object_utils_begin [../../uvm-1.2/src/macros/uvm_object_defines.svh line 253], `define macro: uvm_object_utils [../../uvm-1.2/src/macros/uvm_object_defines.svh line 245], file: ../src/sequence.sv line 4)
  `uvm_object_utils(base_seq)
                            |
xmvlog: *E,SVEXTK (../src/sequence.sv,4|28): expecting a ';' (to terminate a type_declaration).
(`define macro: m_uvm_object_registry_internal [../../uvm-1.2/src/macros/uvm_object_defines.svh line 439], `define macro: uvm_object_utils_begin [../../uvm-1.2/src/macros/uvm_object_defines.svh line 253], `define macro: uvm_object_utils [../../uvm-1.2/src/macros/uvm_object_defines.svh line 245], file: ../src/sequence.sv line 4)
  `uvm_object_utils(base_seq)
                            |
xmvlog: *E,SVNOTY (../src/sequence.sv,4|28): Syntactically this identifier appears to begin a datatype but it does not refer to a visible datatype in the current scope.
(`define macro: m_uvm_object_registry_internal [../../uvm-1.2/src/macros/uvm_object_defines.svh line 439], `define macro: uvm_object_utils_begin [../../uvm-1.2/src/macros/uvm_object_defines.svh line 253], `define macro: uvm_object_utils [../../uvm-1.2/src/macros/uvm_object_defines.svh line 245], file: ../src/sequence.sv line 4)
  `uvm_object_utils(base_seq)
                            |
xmvlog: *E,EXPSMC (../src/sequence.sv,4|28): expecting a semicolon (';') [10.3.1(IEEE)].
(`define macro: m_uvm_object_registry_internal [../../uvm-1.2/src/macros/uvm_object_defines.svh line 439], `define macro: uvm_object_utils_begin [../../uvm-1.2/src/macros/uvm_object_defines.svh line 253], `define macro: uvm_object_utils [../../uvm-1.2/src/macros/uvm_object_defines.svh line 245], file: ../src/sequence.sv line 4)
  `uvm_object_utils(base_seq)
                            |
xmvlog: *E,SVNOTY (../src/sequence.sv,4|28): Syntactically this identifier appears to begin a datatype but it does not refer to a visible datatype in the current scope.
(`define macro: m_uvm_object_registry_internal [../../uvm-1.2/src/macros/uvm_object_defines.svh line 439], `define macro: uvm_object_utils_begin [../../uvm-1.2/src/macros/uvm_object_defines.svh line 253], `define macro: uvm_object_utils [../../uvm-1.2/src/macros/uvm_object_defines.svh line 245], file: ../src/sequence.sv line 4)
  `uvm_object_utils(base_seq)
                            |
xmvlog: *E,EXPSMC (../src/sequence.sv,4|28): expecting a semicolon (';') [10.3.1(IEEE)].
(`define macro: m_uvm_object_registry_internal [../../uvm-1.2/src/macros/uvm_object_defines.svh line 439], `define macro: uvm_object_utils_begin [../../uvm-1.2/src/macros/uvm_object_defines.svh line 253], `define macro: uvm_object_utils [../../uvm-1.2/src/macros/uvm_object_defines.svh line 245], file: ../src/sequence.sv line 4)
  `uvm_object_utils(base_seq)
                            |
xmvlog: *E,SVNOTY (../src/sequence.sv,4|28): Syntactically this identifier appears to begin a datatype but it does not refer to a visible datatype in the current scope.
(`define macro: m_uvm_object_create_func [../../uvm-1.2/src/macros/uvm_object_defines.svh line 409], `define macro: uvm_object_utils_begin [../../uvm-1.2/src/macros/uvm_object_defines.svh line 253], `define macro: uvm_object_utils [../../uvm-1.2/src/macros/uvm_object_defines.svh line 245], file: ../src/sequence.sv line 4)
  `uvm_object_utils(base_seq)
                            |
xmvlog: *E,EXPSMC (../src/sequence.sv,4|28): expecting a semicolon (';') [10.3.1(IEEE)].
(`define macro: m_uvm_object_create_func [../../uvm-1.2/src/macros/uvm_object_defines.svh line 409], `define macro: uvm_object_utils_begin [../../uvm-1.2/src/macros/uvm_object_defines.svh line 253], `define macro: uvm_object_utils [../../uvm-1.2/src/macros/uvm_object_defines.svh line 245], file: ../src/sequence.sv line 4)
  `uvm_object_utils(base_seq)
                            |
xmvlog: *E,NOIPRT (../src/sequence.sv,4|28): Unrecognized declaration 'base_seq' could be an unsupported keyword, a spelling mistake or missing instance port list '()' [SystemVerilog].
(`define macro: m_uvm_object_create_func [../../uvm-1.2/src/macros/uvm_object_defines.svh line 409], `define macro: uvm_object_utils_begin [../../uvm-1.2/src/macros/uvm_object_defines.svh line 253], `define macro: uvm_object_utils [../../uvm-1.2/src/macros/uvm_object_defines.svh line 245], file: ../src/sequence.sv line 4)
  `uvm_object_utils(base_seq)
                            |
xmvlog: *E,NOTINF (../src/sequence.sv,4|28): Interfaces are not allowed within functions [SystemVerilog].
(`define macro: m_uvm_object_create_func [../../uvm-1.2/src/macros/uvm_object_defines.svh line 409], `define macro: uvm_object_utils_begin [../../uvm-1.2/src/macros/uvm_object_defines.svh line 253], `define macro: uvm_object_utils [../../uvm-1.2/src/macros/uvm_object_defines.svh line 245], file: ../src/sequence.sv line 4)
  `uvm_object_utils(base_seq)
                            |
xmvlog: *E,SVNOTY (../src/sequence.sv,4|28): Syntactically this identifier appears to begin a datatype but it does not refer to a visible datatype in the current scope.
(`define macro: uvm_field_utils_begin [../../uvm-1.2/src/macros/uvm_object_defines.svh line 153], `define macro: uvm_object_utils_begin [../../uvm-1.2/src/macros/uvm_object_defines.svh line 253], `define macro: uvm_object_utils [../../uvm-1.2/src/macros/uvm_object_defines.svh line 245], file: ../src/sequence.sv line 4)
  `uvm_object_utils(base_seq)
                            |
xmvlog: *E,SVNOTY (../src/sequence.sv,4|28): Syntactically this identifier appears to begin a datatype but it does not refer to a visible datatype in the current scope.
(`define macro: uvm_field_utils_begin [../../uvm-1.2/src/macros/uvm_object_defines.svh line 153], `define macro: uvm_object_utils_begin [../../uvm-1.2/src/macros/uvm_object_defines.svh line 253], `define macro: uvm_object_utils [../../uvm-1.2/src/macros/uvm_object_defines.svh line 245], file: ../src/sequence.sv line 4)
  `uvm_object_utils(base_seq)
                            |
xmvlog: *E,NOTSTT (../src/sequence.sv,4|28): expecting a statement [9(IEEE)].
(`define macro: uvm_field_utils_begin [../../uvm-1.2/src/macros/uvm_object_defines.svh line 153], `define macro: uvm_object_utils_begin [../../uvm-1.2/src/macros/uvm_object_defines.svh line 253], `define macro: uvm_object_utils [../../uvm-1.2/src/macros/uvm_object_defines.svh line 245], file: ../src/sequence.sv line 4)
  `uvm_object_utils(base_seq)
                            |
xmvlog: *E,MISEXX (../src/sequence.sv,4|28): expecting an '=' or '<=' sign in an assignment [9.2(IEEE)].
(`define macro: uvm_field_utils_begin [../../uvm-1.2/src/macros/uvm_object_defines.svh line 153], `define macro: uvm_object_utils_begin [../../uvm-1.2/src/macros/uvm_object_defines.svh line 253], `define macro: uvm_object_utils [../../uvm-1.2/src/macros/uvm_object_defines.svh line 245], file: ../src/sequence.sv line 4)
  `uvm_object_utils(base_seq)
                            |
xmvlog: *E,NOTSTT (../src/sequence.sv,4|28): expecting a statement [9(IEEE)].
(`define macro: uvm_field_utils_begin [../../uvm-1.2/src/macros/uvm_object_defines.svh line 153], `define macro: uvm_object_utils_begin [../../uvm-1.2/src/macros/uvm_object_defines.svh line 253], `define macro: uvm_object_utils [../../uvm-1.2/src/macros/uvm_object_defines.svh line 245], file: ../src/sequence.sv line 4)
  `uvm_object_utils(base_seq)
                            |
xmvlog: *E,MISEXX (../src/sequence.sv,4|28): expecting an '=' or '<=' sign in an assignment [9.2(IEEE)].
(`define macro: uvm_field_utils_begin [../../uvm-1.2/src/macros/uvm_object_defines.svh line 153], `define macro: uvm_object_utils_begin [../../uvm-1.2/src/macros/uvm_object_defines.svh line 253], `define macro: uvm_object_utils [../../uvm-1.2/src/macros/uvm_object_defines.svh line 245], file: ../src/sequence.sv line 4)
  `uvm_object_utils(base_seq)
                            |
xmvlog: *E,MISEXX (../src/sequence.sv,4|28): expecting an '=' or '<=' sign in an assignment [9.2(IEEE)].
(`define macro: uvm_field_utils_begin [../../uvm-1.2/src/macros/uvm_object_defines.svh line 153], `define macro: uvm_object_utils_begin [../../uvm-1.2/src/macros/uvm_object_defines.svh line 253], `define macro: uvm_object_utils [../../uvm-1.2/src/macros/uvm_object_defines.svh line 245], file: ../src/sequence.sv line 4)
    super.new(name);
        |
xmvlog: *E,CLSSPX (../src/sequence.sv,7|8): 'super' can only be used within a class scope that derives from a base class.
    `uvm_do(req);
               |
xmvlog: *E,SVNOTY (../src/sequence.sv,12|15): Syntactically this identifier appears to begin a datatype but it does not refer to a visible datatype in the current scope.
(`define macro: uvm_do_on_pri_with [../../uvm-1.2/src/macros/uvm_sequence_defines.svh line 199], `define macro: uvm_do [../../uvm-1.2/src/macros/uvm_sequence_defines.svh line 90], file: ../src/sequence.sv line 12)
    `uvm_do(req);
               |
xmvlog: *E,SVNOTY (../src/sequence.sv,12|15): Syntactically this identifier appears to begin a datatype but it does not refer to a visible datatype in the current scope.
(`define macro: uvm_create_on [../../uvm-1.2/src/macros/uvm_sequence_defines.svh line 146], `define macro: uvm_do_on_pri_with [../../uvm-1.2/src/macros/uvm_sequence_defines.svh line 199], `define macro: uvm_do [../../uvm-1.2/src/macros/uvm_sequence_defines.svh line 90], file: ../src/sequence.sv line 12)
file: ../src/sequencer.sv
class seqcr extends uvm_sequencer#(seq_item);
                                |
xmvlog: *E,SVNOTY (../src/sequencer.sv,2|32): Syntactically this identifier appears to begin a datatype but it does not refer to a visible datatype in the current scope.
  `uvm_component_utils(seqcr)
                            |
xmvlog: *E,SVNOTY (../src/sequencer.sv,3|28): Syntactically this identifier appears to begin a datatype but it does not refer to a visible datatype in the current scope.
(`define macro: m_uvm_component_registry_internal [../../uvm-1.2/src/macros/uvm_object_defines.svh line 467], `define macro: uvm_component_utils [../../uvm-1.2/src/macros/uvm_object_defines.svh line 330], file: ../src/sequencer.sv line 3)
  `uvm_component_utils(seqcr)
                            |
xmvlog: *E,SVEXTK (../src/sequencer.sv,3|28): expecting a ';' (to terminate a type_declaration).
(`define macro: m_uvm_component_registry_internal [../../uvm-1.2/src/macros/uvm_object_defines.svh line 467], `define macro: uvm_component_utils [../../uvm-1.2/src/macros/uvm_object_defines.svh line 330], file: ../src/sequencer.sv line 3)
  `uvm_component_utils(seqcr)
                            |
xmvlog: *E,SVEXTK (../src/sequencer.sv,3|28): expecting a ';' (to terminate a type_declaration).
(`define macro: m_uvm_component_registry_internal [../../uvm-1.2/src/macros/uvm_object_defines.svh line 467], `define macro: uvm_component_utils [../../uvm-1.2/src/macros/uvm_object_defines.svh line 330], file: ../src/sequencer.sv line 3)
  `uvm_component_utils(seqcr)
                            |
xmvlog: *E,SVNOTY (../src/sequencer.sv,3|28): Syntactically this identifier appears to begin a datatype but it does not refer to a visible datatype in the current scope.
(`define macro: m_uvm_component_registry_internal [../../uvm-1.2/src/macros/uvm_object_defines.svh line 467], `define macro: uvm_component_utils [../../uvm-1.2/src/macros/uvm_object_defines.svh line 330], file: ../src/sequencer.sv line 3)
  `uvm_component_utils(seqcr)
                            |
xmvlog: *E,EXPSMC (../src/sequencer.sv,3|28): expecting a semicolon (';') [10.3.1(IEEE)].
(`define macro: m_uvm_component_registry_internal [../../uvm-1.2/src/macros/uvm_object_defines.svh line 467], `define macro: uvm_component_utils [../../uvm-1.2/src/macros/uvm_object_defines.svh line 330], file: ../src/sequencer.sv line 3)
  `uvm_component_utils(seqcr)
                            |
xmvlog: *E,SVNOTY (../src/sequencer.sv,3|28): Syntactically this identifier appears to begin a datatype but it does not refer to a visible datatype in the current scope.
(`define macro: m_uvm_component_registry_internal [../../uvm-1.2/src/macros/uvm_object_defines.svh line 467], `define macro: uvm_component_utils [../../uvm-1.2/src/macros/uvm_object_defines.svh line 330], file: ../src/sequencer.sv line 3)
  `uvm_component_utils(seqcr)
                            |
xmvlog: *E,EXPSMC (../src/sequencer.sv,3|28): expecting a semicolon (';') [10.3.1(IEEE)].
(`define macro: m_uvm_component_registry_internal [../../uvm-1.2/src/macros/uvm_object_defines.svh line 467], `define macro: uvm_component_utils [../../uvm-1.2/src/macros/uvm_object_defines.svh line 330], file: ../src/sequencer.sv line 3)
  function new(string name = "seqcr", uvm_component parent = null);
                                                  |
xmvlog: *E,EXPRPA (../src/sequencer.sv,5|50): expecting a right parenthesis (')') [A.2.6(IEEE)].
  function new(string name = "seqcr", uvm_component parent = null);
                                                  |
xmvlog: *E,NOIPRT (../src/sequencer.sv,5|50): Unrecognized declaration 'uvm_component' could be an unsupported keyword, a spelling mistake or missing instance port list '()' [SystemVerilog].
  function new(string name = "seqcr", uvm_component parent = null);
                                                  |
xmvlog: *E,NOTINF (../src/sequencer.sv,5|50): Interfaces are not allowed within tasks [SystemVerilog].
  function new(string name = "seqcr", uvm_component parent = null);
                                                         |
xmvlog: *E,ILLPDL (../src/sequencer.sv,5|57): Mixing of ansi & non-ansi style port declaration is not legal.
  function new(string name = "seqcr", uvm_component parent = null);
                                                           |
xmvlog: *E,EXPSMC (../src/sequencer.sv,5|59): expecting a semicolon (';') [12.3.2(IEEE)].
    super.new(name, parent);
        |
xmvlog: *E,EXPRPA (../src/sequencer.sv,6|8): expecting a right parenthesis (')') [A.2.6(IEEE)].
  function void build_phase(uvm_phase phase);
                                    |
xmvlog: *E,SVNOTY (../src/sequencer.sv,9|36): Syntactically this identifier appears to begin a datatype but it does not refer to a visible datatype in the current scope.
file: ../src/monitor.sv
class monitor extends uvm_monitor;
                                |
xmvlog: *E,SVNOTY (../src/monitor.sv,2|32): Syntactically this identifier appears to begin a datatype but it does not refer to a visible datatype in the current scope.
  uvm_analysis_port #(seq_item) item_collect_port;
                  |
xmvlog: *E,EXPENC (../src/monitor.sv,4|18): Expecting the keyword 'endclass'.
  `uvm_component_utils(monitor)
                              |
xmvlog: *E,BADQAL (../src/monitor.sv,6|30): Lifetime or qualifier(s) 'static' not allowed before function declaration.
(`define macro: m_uvm_component_registry_internal [../../uvm-1.2/src/macros/uvm_object_defines.svh line 467], `define macro: uvm_component_utils [../../uvm-1.2/src/macros/uvm_object_defines.svh line 330], file: ../src/monitor.sv line 6)
  `uvm_component_utils(monitor)
                              |
xmvlog: *E,SVNOTY (../src/monitor.sv,6|30): Syntactically this identifier appears to begin a datatype but it does not refer to a visible datatype in the current scope.
(`define macro: m_uvm_component_registry_internal [../../uvm-1.2/src/macros/uvm_object_defines.svh line 467], `define macro: uvm_component_utils [../../uvm-1.2/src/macros/uvm_object_defines.svh line 330], file: ../src/monitor.sv line 6)
  `uvm_component_utils(monitor)
                              |
xmvlog: *E,EXPSMC (../src/monitor.sv,6|30): expecting a semicolon (';') [10.3.1(IEEE)].
(`define macro: m_uvm_component_registry_internal [../../uvm-1.2/src/macros/uvm_object_defines.svh line 467], `define macro: uvm_component_utils [../../uvm-1.2/src/macros/uvm_object_defines.svh line 330], file: ../src/monitor.sv line 6)
  `uvm_component_utils(monitor)
                              |
xmvlog: *E,BADQAL (../src/monitor.sv,6|30): Lifetime or qualifier(s) 'virtual' not allowed before function declaration.
(`define macro: m_uvm_component_registry_internal [../../uvm-1.2/src/macros/uvm_object_defines.svh line 467], `define macro: uvm_component_utils [../../uvm-1.2/src/macros/uvm_object_defines.svh line 330], file: ../src/monitor.sv line 6)
  `uvm_component_utils(monitor)
                              |
xmvlog: *E,SVNOTY (../src/monitor.sv,6|30): Syntactically this identifier appears to begin a datatype but it does not refer to a visible datatype in the current scope.
(`define macro: m_uvm_component_registry_internal [../../uvm-1.2/src/macros/uvm_object_defines.svh line 467], `define macro: uvm_component_utils [../../uvm-1.2/src/macros/uvm_object_defines.svh line 330], file: ../src/monitor.sv line 6)
  `uvm_component_utils(monitor)
                              |
xmvlog: *E,EXPSMC (../src/monitor.sv,6|30): expecting a semicolon (';') [10.3.1(IEEE)].
(`define macro: m_uvm_component_registry_internal [../../uvm-1.2/src/macros/uvm_object_defines.svh line 467], `define macro: uvm_component_utils [../../uvm-1.2/src/macros/uvm_object_defines.svh line 330], file: ../src/monitor.sv line 6)
  `uvm_component_utils(monitor)
                              |
xmvlog: *E,BADQAL (../src/monitor.sv,6|30): Lifetime or qualifier(s) 'virtual' not allowed before function declaration.
(`define macro: m_uvm_get_type_name_func [../../uvm-1.2/src/macros/uvm_object_defines.svh line 427], `define macro: uvm_component_utils [../../uvm-1.2/src/macros/uvm_object_defines.svh line 330], file: ../src/monitor.sv line 6)
  function new(string name = "monitor", uvm_component parent = null);
             |
xmvlog: *E,NEWOIC (../src/monitor.sv,8|13): The class constructor method 'new' is only allowed within a class declaration.
  function new(string name = "monitor", uvm_component parent = null);
                                                    |
xmvlog: *E,EXPRPA (../src/monitor.sv,8|52): expecting a right parenthesis (')') [A.2.6(IEEE)].
  function new(string name = "monitor", uvm_component parent = null);
                                                    |
xmvlog: *E,NOIPRT (../src/monitor.sv,8|52): Unrecognized declaration 'uvm_component' could be an unsupported keyword, a spelling mistake or missing instance port list '()' [SystemVerilog].
  function new(string name = "monitor", uvm_component parent = null);
                                                    |
xmvlog: *E,NOTINF (../src/monitor.sv,8|52): Interfaces are not allowed within tasks [SystemVerilog].
  function new(string name = "monitor", uvm_component parent = null);
                                                           |
xmvlog: *E,ILLPDL (../src/monitor.sv,8|59): Mixing of ansi & non-ansi style port declaration is not legal.
  function new(string name = "monitor", uvm_component parent = null);
                                                             |
xmvlog: *E,EXPSMC (../src/monitor.sv,8|61): expecting a semicolon (';') [12.3.2(IEEE)].
    super.new(name, parent);
        |
xmvlog: *E,EXPRPA (../src/monitor.sv,9|8): expecting a right parenthesis (')') [A.2.6(IEEE)].
  function void build_phase(uvm_phase phase);
                                    |
xmvlog: *E,SVNOTY (../src/monitor.sv,14|36): Syntactically this identifier appears to begin a datatype but it does not refer to a visible datatype in the current scope.
  task run_phase (uvm_phase phase);
                          |
xmvlog: *E,SVNOTY (../src/monitor.sv,20|26): Syntactically this identifier appears to begin a datatype but it does not refer to a visible datatype in the current scope.
endclass
       |
xmvlog: *E,MPANDC (../src/monitor.sv,32|7): expecting the keyword 'module', 'macromodule', 'primitive', 'connectmodule','connect', 'discipline' or 'nature' [A.1].
file: ../src/base_test.sv
	module worklib.tb_top:sv
		errors: 0, warnings: 0
	Total errors/warnings found outside modules and primitives:
		errors: 78, warnings: 0
xrun: *E,VLGERR: An error occurred during parsing.  Review the log file for errors with the code *E and fix those identified problems to proceed.  Exiting with code (status 1).
TOOL:	xrun(64)	20.09-s001: Exiting on Oct 06, 2024 at 12:48:04 EDT  (total: 00:00:01)
